{"D:\\FDMCourses\\NodeJS\\OReilly_Course_NodeJS_in_7_Days\\myapp\\mappers.js": {"path":"D:\\FDMCourses\\NodeJS\\OReilly_Course_NodeJS_in_7_Days\\myapp\\mappers.js","statementMap":{"0":{"start":{"line":1,"column":14},"end":{"line":23,"column":1}},"1":{"start":{"line":2,"column":2},"end":{"line":22,"column":5}},"2":{"start":{"line":3,"column":17},"end":{"line":3,"column":58}},"3":{"start":{"line":3,"column":39},"end":{"line":3,"column":57}},"4":{"start":{"line":8,"column":17},"end":{"line":8,"column":58}},"5":{"start":{"line":8,"column":39},"end":{"line":8,"column":57}},"6":{"start":{"line":13,"column":4},"end":{"line":16,"column":6}},"7":{"start":{"line":25,"column":0},"end":{"line":25,"column":25}}},"fnMap":{"0":{"name":"(anonymous_0)","decl":{"start":{"line":1,"column":14},"end":{"line":1,"column":15}},"loc":{"start":{"line":1,"column":63},"end":{"line":23,"column":1}},"line":1},"1":{"name":"(anonymous_1)","decl":{"start":{"line":2,"column":22},"end":{"line":2,"column":23}},"loc":{"start":{"line":2,"column":44},"end":{"line":22,"column":3}},"line":2},"2":{"name":"(anonymous_2)","decl":{"start":{"line":3,"column":31},"end":{"line":3,"column":32}},"loc":{"start":{"line":3,"column":39},"end":{"line":3,"column":57}},"line":3},"3":{"name":"(anonymous_3)","decl":{"start":{"line":8,"column":31},"end":{"line":8,"column":32}},"loc":{"start":{"line":8,"column":39},"end":{"line":8,"column":57}},"line":8}},"branchMap":{"0":{"loc":{"start":{"line":1,"column":15},"end":{"line":1,"column":28}},"type":"default-arg","locations":[{"start":{"line":1,"column":26},"end":{"line":1,"column":28}}],"line":1},"1":{"loc":{"start":{"line":1,"column":30},"end":{"line":1,"column":43}},"type":"default-arg","locations":[{"start":{"line":1,"column":41},"end":{"line":1,"column":43}}],"line":1},"2":{"loc":{"start":{"line":1,"column":45},"end":{"line":1,"column":58}},"type":"default-arg","locations":[{"start":{"line":1,"column":56},"end":{"line":1,"column":58}}],"line":1}},"s":{"0":1,"1":6,"2":14,"3":2,"4":14,"5":2,"6":14,"7":1},"f":{"0":6,"1":14,"2":2,"3":2},"b":{"0":[1],"1":[4],"2":[4]},"_coverageSchema":"43e27e138ebf9cfc5966b082cf9a028302ed4184","hash":"f31025a79383cfdcaea63f20daf764915b0366bf"}
,"D:\\FDMCourses\\NodeJS\\OReilly_Course_NodeJS_in_7_Days\\myapp\\sum.js": {"path":"D:\\FDMCourses\\NodeJS\\OReilly_Course_NodeJS_in_7_Days\\myapp\\sum.js","statementMap":{"0":{"start":{"line":2,"column":2},"end":{"line":2,"column":15}},"1":{"start":{"line":5,"column":0},"end":{"line":5,"column":23}}},"fnMap":{"0":{"name":"sum","decl":{"start":{"line":1,"column":9},"end":{"line":1,"column":12}},"loc":{"start":{"line":1,"column":20},"end":{"line":3,"column":1}},"line":1}},"branchMap":{},"s":{"0":1,"1":1},"f":{"0":1},"b":{},"_coverageSchema":"43e27e138ebf9cfc5966b082cf9a028302ed4184","hash":"63aed01adedd33615278f16ab7e429ecc36f669f"}
}
