TN:
SF:D:\FDMCourses\NodeJS\OReilly_Course_NodeJS_in_7_Days\myapp\mappers.js
FN:1,(anonymous_0)
FN:2,(anonymous_1)
FN:3,(anonymous_2)
FN:8,(anonymous_3)
FNF:4
FNH:4
FNDA:6,(anonymous_0)
FNDA:14,(anonymous_1)
FNDA:2,(anonymous_2)
FNDA:2,(anonymous_3)
DA:1,1
DA:2,6
DA:3,14
DA:8,14
DA:13,14
DA:25,1
LF:6
LH:6
BRDA:1,0,0,1
BRDA:1,1,0,4
BRDA:1,2,0,4
BRF:3
BRH:3
end_of_record
TN:
SF:D:\FDMCourses\NodeJS\OReilly_Course_NodeJS_in_7_Days\myapp\sum.js
FN:1,sum
FNF:1
FNH:1
FNDA:1,sum
DA:2,1
DA:5,1
LF:2
LH:2
BRF:0
BRH:0
end_of_record
